-------------------------------------------------------------------------------
Test set: timuraya.invoice_biaya_operational.InvoiceBiayaOperationalApplicationTests
-------------------------------------------------------------------------------
Tests run: 1, Failures: 0, Errors: 1, Skipped: 0, Time elapsed: 2.096 s <<< FAILURE! - in timuraya.invoice_biaya_operational.InvoiceBiayaOperationalApplicationTests
contextLoads  Time elapsed: 0.001 s  <<< ERROR!
java.lang.IllegalStateException: Failed to load ApplicationContext
Caused by: org.springframework.beans.factory.UnsatisfiedDependencyException: Error creating bean with name 'historyPengajuanController' defined in file [/Users/g2academy/Desktop/timuraya-spring-boot/target/classes/timuraya/invoice_biaya_operational/controller/HistoryPengajuanController.class]: Unsatisfied dependency expressed through constructor parameter 0; nested exception is org.springframework.beans.factory.UnsatisfiedDependencyException: Error creating bean with name 'historyPengajuanService' defined in file [/Users/g2academy/Desktop/timuraya-spring-boot/target/classes/timuraya/invoice_biaya_operational/service/HistoryPengajuanService.class]: Unsatisfied dependency expressed through constructor parameter 3; nested exception is org.springframework.beans.factory.BeanCreationException: Error creating bean with name 'orikaMapperFacade' defined in class path resource [net/rakugakibox/spring/boot/orika/OrikaAutoConfiguration.class]: Bean instantiation via factory method failed; nested exception is org.springframework.beans.BeanInstantiationException: Failed to instantiate [ma.glasnost.orika.MapperFacade]: Factory method 'orikaMapperFacade' threw exception; nested exception is java.lang.reflect.InaccessibleObjectException: Unable to make protected native java.lang.Object java.lang.Object.clone() throws java.lang.CloneNotSupportedException accessible: module java.base does not "opens java.lang" to unnamed module @7d934771
Caused by: org.springframework.beans.factory.UnsatisfiedDependencyException: Error creating bean with name 'historyPengajuanService' defined in file [/Users/g2academy/Desktop/timuraya-spring-boot/target/classes/timuraya/invoice_biaya_operational/service/HistoryPengajuanService.class]: Unsatisfied dependency expressed through constructor parameter 3; nested exception is org.springframework.beans.factory.BeanCreationException: Error creating bean with name 'orikaMapperFacade' defined in class path resource [net/rakugakibox/spring/boot/orika/OrikaAutoConfiguration.class]: Bean instantiation via factory method failed; nested exception is org.springframework.beans.BeanInstantiationException: Failed to instantiate [ma.glasnost.orika.MapperFacade]: Factory method 'orikaMapperFacade' threw exception; nested exception is java.lang.reflect.InaccessibleObjectException: Unable to make protected native java.lang.Object java.lang.Object.clone() throws java.lang.CloneNotSupportedException accessible: module java.base does not "opens java.lang" to unnamed module @7d934771
Caused by: org.springframework.beans.factory.BeanCreationException: Error creating bean with name 'orikaMapperFacade' defined in class path resource [net/rakugakibox/spring/boot/orika/OrikaAutoConfiguration.class]: Bean instantiation via factory method failed; nested exception is org.springframework.beans.BeanInstantiationException: Failed to instantiate [ma.glasnost.orika.MapperFacade]: Factory method 'orikaMapperFacade' threw exception; nested exception is java.lang.reflect.InaccessibleObjectException: Unable to make protected native java.lang.Object java.lang.Object.clone() throws java.lang.CloneNotSupportedException accessible: module java.base does not "opens java.lang" to unnamed module @7d934771
Caused by: org.springframework.beans.BeanInstantiationException: Failed to instantiate [ma.glasnost.orika.MapperFacade]: Factory method 'orikaMapperFacade' threw exception; nested exception is java.lang.reflect.InaccessibleObjectException: Unable to make protected native java.lang.Object java.lang.Object.clone() throws java.lang.CloneNotSupportedException accessible: module java.base does not "opens java.lang" to unnamed module @7d934771
Caused by: java.lang.reflect.InaccessibleObjectException: Unable to make protected native java.lang.Object java.lang.Object.clone() throws java.lang.CloneNotSupportedException accessible: module java.base does not "opens java.lang" to unnamed module @7d934771

